app/build/outputs/mapping/release/seeds.txt
com.kartik.messapp.models.Menu
com.kartik.messapp.ui.mess.weeklymenu.WeeklyMenuActivity
com.kartik.messapp.ui.user.menu.UserMenuFragment
com.kartik.messapp.MyReviewsActivity
com.kartik.messapp.LoginActivity
com.kartik.messapp.ui.mess.students.MessStudentsFragment
com.kartik.messapp.ui.mess.offers.MessOffersFragment
com.kartik.messapp.models.Subscription
com.kartik.messapp.ui.user.profile.EditUserProfileActivity
com.kartik.messapp.ui.mess.menu.MessMenuFragment
com.kartik.messapp.models.SubscriptionRequest
com.kartik.messapp.models.MealRequest
com.kartik.messapp.ui.user.history.UserHistoryFragment
com.kartik.messapp.ui.mess.reports.SubscriptionReportActivity
com.kartik.messapp.ui.mess.offers.AddOfferFragment
com.kartik.messapp.ui.user.home.UserHomeFragment
com.kartik.messapp.models.Review
com.kartik.messapp.MyFirebaseMessagingService
com.kartik.messapp.ui.mess.requests.MessRequestsFragment
com.kartik.messapp.ui.mess.settings.MessSettingsActivity
com.kartik.messapp.RoleSelectionActivity
com.kartik.messapp.models.MealSelection
com.kartik.messapp.models.Student
com.kartik.messapp.ui.mess.dashboard.MessDashboardFragment
com.kartik.messapp.OnboardingActivity
com.kartik.messapp.EditMessProfileActivity
com.kartik.messapp.models.Offer
com.kartik.messapp.models.OnboardingItem
com.kartik.messapp.UserDashboardActivity
com.kartik.messapp.models.Mess
com.kartik.messapp.models.Transaction
com.kartik.messapp.SplashActivity
com.kartik.messapp.ui.mess.revenue.MessRevenueFragment
com.kartik.messapp.MessDashboardActivity
com.kartik.messapp.ui.mess.profile.MessProfileFragment
com.kartik.messapp.MessReviewsActivity
com.kartik.messapp.ui.user.profile.UserProfileFragment
com.kartik.messapp.models.SubscriptionRequest: java.lang.String status
com.kartik.messapp.models.Student: java.lang.String dietaryPreference
com.kartik.messapp.models.Offer: boolean active
com.kartik.messapp.models.Mess: java.lang.String FIELD_MONTHLY_PRICE
com.kartik.messapp.models.Mess: java.lang.String FIELD_NAME
com.kartik.messapp.models.Student: long oneTimeMealExpiry
com.kartik.messapp.models.Subscription: java.lang.String messId
com.kartik.messapp.models.Mess: java.lang.String FIELD_STUDENT_COUNT
com.kartik.messapp.models.Transaction: long timestamp
com.kartik.messapp.models.Transaction: java.lang.String messId
com.kartik.messapp.models.Mess: java.lang.String location
com.kartik.messapp.models.SubscriptionRequest: java.lang.String studentId
com.kartik.messapp.models.Mess: java.lang.String FIELD_DESCRIPTION
com.kartik.messapp.models.Review: java.lang.String reviewId
com.kartik.messapp.models.SubscriptionRequest: long timestamp
com.kartik.messapp.models.Review: java.util.Date timestamp
com.kartik.messapp.models.Menu: java.lang.String menuId
com.kartik.messapp.models.Offer: double discountPercentage
com.kartik.messapp.models.Menu: java.util.List meals
com.kartik.messapp.models.MealRequest: java.lang.String mealType
com.kartik.messapp.models.Transaction: int daysGranted
com.kartik.messapp.models.Mess: java.lang.String contact
com.kartik.messapp.models.Student: long dinnerSubscriptionExpiry
com.kartik.messapp.models.Offer: java.lang.String description
com.kartik.messapp.models.SubscriptionRequest: java.lang.String messId
com.kartik.messapp.models.Review: java.lang.String messId
com.kartik.messapp.models.Subscription: long startDate
com.kartik.messapp.models.OnboardingItem: int imageResId
com.kartik.messapp.models.Student: java.lang.String phone
com.kartik.messapp.models.SubscriptionRequest: java.lang.String id
com.kartik.messapp.models.Menu: boolean available
com.kartik.messapp.models.Student: java.lang.String name
com.kartik.messapp.models.Mess: java.lang.String FIELD_MESS_ID
com.kartik.messapp.models.Offer: java.util.Date expiryDate
com.kartik.messapp.models.Menu: java.lang.String dayOfWeek
com.kartik.messapp.models.Review: int likes
com.kartik.messapp.models.MealSelection: java.lang.String lunchStatus
com.kartik.messapp.models.Offer: java.lang.String title
...
com.google.android.recaptcha.internal.zztq: com.google.android.recaptcha.internal.zztq zzb
com.google.android.gms.internal.cloudmessaging.zze: com.google.android.gms.internal.cloudmessaging.zzb zza
com.google.android.gms.internal.measurement.zzfy$zzd: boolean zzi
com.google.android.gms.internal.ads.zzbbq$zzbj: com.google.android.gms.internal.ads.zzgzk zzd
com.google.android.gms.internal.ads.zzaux: com.google.android.gms.internal.ads.zzary zzc
com.google.android.gms.internal.ads.zzacy: com.google.android.gms.internal.ads.zzacx zzk
com.google.firestore.v1.BloomFilter: int HASH_COUNT_FIELD_NUMBER
androidx.work.impl.utils.futures.AbstractFuture: java.lang.Object value
com.google.android.recaptcha.internal.zzls: boolean zzi
com.google.android.gms.internal.ads.zzfed: int[] zzm
com.google.android.gms.internal.ads.zzdom: com.google.android.gms.internal.ads.zzcab zzb
com.google.android.gms.internal.ads.zzaei: int zzj
com.google.android.gms.internal.ads.zzexm: java.util.concurrent.atomic.AtomicReference zze
com.google.android.gms.internal.ads.zzdnj: java.lang.String zzc
com.google.android.gms.internal.ads.zzhcx: java.lang.String zze
com.google.android.gms.internal.ads.zzcrt: com.google.android.gms.internal.ads.zzcrp zza
com.google.android.gms.internal.ads.zzhao: java.lang.Class zzd
com.google.android.gms.internal.firebase-auth-api.zzex: com.google.android.gms.internal.firebase-auth-api.zzph zzb
com.google.android.gms.internal.ads.zzgzm: com.google.android.gms.internal.ads.zzgzw zzc
com.google.android.gms.internal.ads.zzfrq: java.lang.String zza
com.google.android.play.core.integrity.bp: com.google.android.play.integrity.internal.an b
com.google.android.gms.internal.ads.zzedj: com.google.android.gms.internal.ads.zzfbo zzc
com.google.android.gms.internal.ads.zzeyl: java.util.concurrent.Executor zzf
com.google.android.gms.internal.ads.zzdxn: com.google.android.gms.internal.ads.zzdxo zza
com.google.android.gms.internal.ads.zzbcl: com.google.android.gms.internal.ads.zzbcc zzbS
com.google.android.gms.internal.ads.zzaun: int zzaK
com.google.android.gms.internal.ads.zzcjl: com.google.android.gms.internal.ads.zzhfa zzaS
com.google.android.gms.internal.ads.zzcji: com.google.android.gms.internal.ads.zzhfa zzbm
com.google.android.gms.internal.ads.zzajc: byte[] zze
com.google.android.gms.internal.measurement.zzfy$zzk: com.google.android.gms.internal.measurement.zzkc zzag
com.google.android.gms.internal.ads.zzcip: com.google.android.gms.internal.ads.zzhfa zzdP
com.google.android.gms.internal.ads.zzfcz: com.google.android.gms.internal.ads.zzfda zza
com.google.android.gms.internal.firebase-auth-api.zzwx: java.lang.String zze
com.google.android.gms.internal.ads.zzctb: com.google.android.gms.internal.ads.zzhfj zza
com.google.android.gms.internal.firebase-auth-api.zztu: int zze
com.google.android.gms.internal.ads.zzcta: com.google.android.gms.internal.ads.zzfcj zzc
com.google.android.gms.internal.firebase-auth-api.zzace: com.google.android.gms.internal.firebase-auth-api.zzaar zzb
com.google.android.gms.internal.ads.zzcji: com.google.android.gms.internal.ads.zzhfa zzbd
com.google.android.gms.internal.ads.zzfgh: com.google.android.gms.internal.ads.zzfgh zze
com.google.android.recaptcha.internal.zzan: kotlinx.coroutines.CompletableDeferred zza
com.google.android.gms.internal.ads.zzaiv: com.google.android.gms.internal.ads.zzdy zzd
com.google.android.gms.internal.ads.zzdxx: com.google.android.gms.internal.ads.zzdxy zza
com.google.android.gms.internal.ads.zzgqq: com.google.android.gms.internal.ads.zzgwj zzf
com.google.android.gms.internal.ads.zzdre: com.google.android.gms.internal.ads.zzdre zzx
com.google.android.gms.internal.measurement.zzfo$zzd$zzb: com.google.android.gms.internal.measurement.zzfo$zzd$zzb zzd
com.google.android.gms.internal.ads.zzcif: com.google.android.gms.internal.ads.zzhfa zzdG
com.google.firestore.v1.StructuredQuery$Filter: int COMPOSITE_FILTER_FIELD_NUMBER