app/build/outputs/mapping/release/usage.txt
com.kartik.messapp.EditMessProfileActivity:
    private static final java.lang.String COLLECTION_MESSES
    public static final java.lang.String EXTRA_MESS_ID
com.kartik.messapp.MessDashboardActivity:
    private static final java.lang.String TAG
    public boolean isGuestMode()
    private void showAboutDeveloperDialog()
com.kartik.messapp.MessReviewsActivity:
    public static final java.lang.String EXTRA_MESS_ID
    public static final java.lang.String EXTRA_OPEN_REVIEW_DIALOG
com.kartik.messapp.MyFirebaseMessagingService:
    private static final java.lang.String TAG
com.kartik.messapp.R$anim:
    public static int dialog_enter
    public static int dialog_exit
    public static int fade_in
    public static int fade_out
    public static int slide_in_left
    public static int slide_in_right
    public static int slide_out_left
    public static int slide_out_right
    private void <init>()
com.kartik.messapp.R$array
com.kartik.messapp.R$color:
    public static int accent_primary
    public static int accent_secondary
    public static int admin_accent_orange_faded
    public static int admin_background
    public static int admin_card_bg
    public static int admin_divider
    public static int admin_primary
    public static int admin_primary_faded
    public static int admin_surface
    public static int background
    public static int background_light
    public static int background_page
    public static int black
    public static int blue_accent
    public static int border_color
    public static int brand_accent
    public static int brand_secondary
    public static int brand_secondary_light
    public static int card_surface
    public static int charcoal_base
    public static int charcoal_border
    public static int charcoal_darkest
    public static int charcoal_elevated
    public static int charcoal_muted
    public static int charcoal_surface
    public static int colorAccent
    public static int colorPrimary
    public static int colorPrimaryDark
    public static int cream_bright
    public static int cream_faint
    public static int cream_muted
    public static int cream_soft
    public static int dash_background_light
    public static int dash_primary
    public static int dash_primary_10
    public static int dash_primary_20
    public static int dash_text_green
    public static int dash_text_primary
    public static int drawer_logout_color
com.kartik.messapp.R$dimen
com.kartik.messapp.R$drawable:
    public static int _1778945082032
    public static int _c3d318d7_6015_4c92_9b56_8d2c50388d41_
    public static int annapurna
    public static int bg_admin_action_tile
    public static int bg_admin_card
    public static int bg_admin_header_banner
    public static int bg_admin_icon_gray
    public static int bg_admin_icon_green
    public static int bg_admin_icon_orange
    public static int bg_admin_icon_primary
    public static int bg_admin_stat_card
    public static int bg_bottom_nav
    public static int bg_button_gradient
    public static int bg_capsule_accent
    public static int bg_circle_avatar_drawer
    public static int bg_circle_light_green
    public static int bg_circle_primary_border
    public static int bg_circle_primary_light
    public static int bg_circle_surface
    public static int bg_deadline_pill
    public static int bg_drawer_avatar_ring
    public static int bg_drawer_floating
    public static int bg_drawer_header
    public static int bg_drawer_menu_item
    public static int bg_drawer_stat_pill
    public static int bg_food_image_warm_overlay
    public static int bg_gradient
    public static int bg_gradient_primary
    public static int bg_input_field
    public static int bg_login_header
    public static int bg_profile_badge
    public static int bg_profile_header
    public static int bg_profile_icon_circle
    public static int bg_profound_gradient
    public static int bg_role_feature_chip
com.kartik.messapp.R$font
...
com.google.android.material.color.utilities.Score$ScoredComparator
com.google.android.material.color.utilities.Score$ScoredHCT
com.google.android.material.color.utilities.Score
com.google.android.material.color.utilities.TemperatureCache
com.google.android.material.color.utilities.TonalPalette$KeyColor
com.google.android.material.color.utilities.TonalPalette
com.google.android.material.color.utilities.ToneDeltaPair
com.google.android.material.color.utilities.TonePolarity
com.google.android.material.color.utilities.Variant
com.google.android.material.color.utilities.ViewingConditions
com.google.android.material.datepicker.CalendarConstraints$Builder:
    private static final java.lang.String DEEP_COPY_VALIDATOR_KEY
    public com.google.android.material.datepicker.CalendarConstraints$Builder setEnd(long)
    public com.google.android.material.datepicker.CalendarConstraints$Builder setFirstDayOfWeek(int)
    public com.google.android.material.datepicker.CalendarConstraints$Builder setStart(long)
com.google.android.material.datepicker.CalendarConstraints:
    public long getEndMs()
    public java.lang.Long getOpenAtMs()
    public long getStartMs()
com.google.android.material.datepicker.CalendarItemStyle:
    int getLeftInset()
    int getRightInset()
com.google.android.material.datepicker.CompositeDateValidator$1
com.google.android.material.datepicker.CompositeDateValidator$2
com.google.android.material.datepicker.CompositeDateValidator$3
com.google.android.material.datepicker.CompositeDateValidator$Operator
com.google.android.material.datepicker.CompositeDateValidator
com.google.android.material.datepicker.DateSelector:
    public abstract java.lang.String getError()
    public abstract void setTextInputFormat(java.text.SimpleDateFormat)
com.google.android.material.datepicker.DateStrings:
    private void <init>()
com.google.android.material.datepicker.DateValidatorPointBackward$1
com.google.android.material.datepicker.DateValidatorPointBackward
com.google.android.material.datepicker.DayViewDecorator:
    public void <init>()
com.google.android.material.datepicker.DaysOfWeekAdapter:
    private static final int NARROW_FORMAT
com.google.android.material.datepicker.MaterialCalendar:
    private static final java.lang.String CALENDAR_CONSTRAINTS_KEY
    private static final java.lang.String CURRENT_MONTH_KEY
    private static final java.lang.String DAY_VIEW_DECORATOR_KEY
    private static final java.lang.String GRID_SELECTOR_KEY
    private static final int SMOOTH_SCROLL_MAX
    private static final java.lang.String THEME_RES_ID_KEY
    public static com.google.android.material.datepicker.MaterialCalendar newInstance(com.google.android.material.datepicker.DateSelector,int,com.google.android.material.datepicker.CalendarConstraints)
com.google.android.material.datepicker.MaterialCalendarGridView:
    public void <init>(android.content.Context)